C51 COMPILER V9.54   AVOID                                                                 11/23/2021 10:05:31 PAGE 1   


C51 COMPILER V9.54, COMPILATION OF MODULE AVOID
OBJECT MODULE PLACED IN .\Objects\avoid.obj
COMPILER INVOKED BY: D:\keil5\C51\BIN\C51.EXE avoid.c OPTIMIZE(8,SPEED) BROWSE DEBUG OBJECTEXTEND PRINT(.\Listings\avoid
                    -.lst) TABS(2) OBJECT(.\Objects\avoid.obj)

line level    source

   1          #include "avoid.h"
   2                 
   3          extern void delay(unsigned int n);
   4          extern void go_stop(void);
   5          extern void go_up(void);
   6          extern void go_back(void);
   7          extern void go_left(void);
   8          extern void go_upleft(unsigned int n);
   9          extern void go_upright(unsigned int n);
  10          extern void go_backleft(unsigned int n);
  11          extern void go_backright(unsigned int n);
  12          
  13          sbit fm = P3^3;   //用于控制蜂鸣器
  14          
  15          void Delay500ms()   //@11.0592MHz
  16          {
  17   1        unsigned char i, j, k;
  18   1      
  19   1        _nop_();
  20   1        _nop_();
  21   1        i = 4;
  22   1        j = 4;
  23   1        k = 4;
  24   1        do
  25   1        {
  26   2          do
  27   2          {
  28   3            while (--k);
  29   3          } while (--j);
  30   2        } while (--i);
  31   1      }
  32          
  33          
  34          
  35          
  36          
  37          void auto_avoid()
  38          {
  39   1        fm = 1;
  40   1        if(aoutA==1 && aoutB==1)//无障碍
  41   1        {
  42   2          go_up();
  43   2        }
  44   1        else if(aoutA==0 && aoutB==1)//右边有障碍
  45   1          {
  46   2            go_backright(1);
  47   2              fm=0;
  48   2        Delay500ms();
  49   2        fm=1;
  50   2          }
  51   1        else if(aoutA==1 && aoutB==0)//左边有障碍
  52   1          {
  53   2            go_backleft(1);
  54   2              fm=0;
C51 COMPILER V9.54   AVOID                                                                 11/23/2021 10:05:31 PAGE 2   

  55   2        Delay500ms();
  56   2        fm=1;
  57   2          }
  58   1        else if(aoutA==0 && aoutB==0)//左右都有障碍
  59   1          {
  60   2            go_stop();
  61   2              fm=0;
  62   2        Delay500ms();
  63   2        fm=1;
  64   2          }
  65   1          
  66   1      }


MODULE INFORMATION:   STATIC OVERLAYABLE
   CODE SIZE        =     73    ----
   CONSTANT SIZE    =   ----    ----
   XDATA SIZE       =   ----    ----
   PDATA SIZE       =   ----    ----
   DATA SIZE        =   ----    ----
   IDATA SIZE       =   ----    ----
   BIT SIZE         =   ----    ----
END OF MODULE INFORMATION.


C51 COMPILATION COMPLETE.  0 WARNING(S),  0 ERROR(S)
